0 info it worked if it ends with ok
1 verbose cli [ '/home/dexter/.nvm/v0.10.31/bin/node',
1 verbose cli   '/home/dexter/.nvm/v0.10.31/bin/npm',
1 verbose cli   'publish' ]
2 info using npm@1.4.23
3 info using node@v0.10.31
4 verbose publish [ '.' ]
5 verbose cache add [ '.', null ]
6 verbose cache add name=undefined spec="." args=[".",null]
7 verbose parsed url { protocol: null,
7 verbose parsed url   slashes: null,
7 verbose parsed url   auth: null,
7 verbose parsed url   host: null,
7 verbose parsed url   port: null,
7 verbose parsed url   hostname: null,
7 verbose parsed url   hash: null,
7 verbose parsed url   search: null,
7 verbose parsed url   query: null,
7 verbose parsed url   pathname: '.',
7 verbose parsed url   path: '.',
7 verbose parsed url   href: '.' }
8 silly lockFile 3a52ce78- .
9 verbose lock . /home/dexter/.npm/3a52ce78-.lock
10 verbose tar pack [ '/home/dexter/.npm/gulp-cloudflare/0.1.0/package.tgz', '.' ]
11 verbose tarball /home/dexter/.npm/gulp-cloudflare/0.1.0/package.tgz
12 verbose folder .
13 info prepublish gulp-cloudflare@0.1.0
14 silly lockFile 1f1177db-tar tar://.
15 verbose lock tar://. /home/dexter/.npm/1f1177db-tar.lock
16 silly lockFile c21c36ff-ulp-cloudflare-0-1-0-package-tgz tar:///home/dexter/.npm/gulp-cloudflare/0.1.0/package.tgz
17 verbose lock tar:///home/dexter/.npm/gulp-cloudflare/0.1.0/package.tgz /home/dexter/.npm/c21c36ff-ulp-cloudflare-0-1-0-package-tgz.lock
18 silly lockFile 1f1177db-tar tar://.
19 silly lockFile 1f1177db-tar tar://.
20 silly lockFile c21c36ff-ulp-cloudflare-0-1-0-package-tgz tar:///home/dexter/.npm/gulp-cloudflare/0.1.0/package.tgz
21 silly lockFile c21c36ff-ulp-cloudflare-0-1-0-package-tgz tar:///home/dexter/.npm/gulp-cloudflare/0.1.0/package.tgz
22 silly lockFile 4ddf25c3-pm-gulp-cloudflare-0-1-0-package /home/dexter/.npm/gulp-cloudflare/0.1.0/package
23 verbose lock /home/dexter/.npm/gulp-cloudflare/0.1.0/package /home/dexter/.npm/4ddf25c3-pm-gulp-cloudflare-0-1-0-package.lock
24 silly lockFile 4ddf25c3-pm-gulp-cloudflare-0-1-0-package /home/dexter/.npm/gulp-cloudflare/0.1.0/package
25 silly lockFile 4ddf25c3-pm-gulp-cloudflare-0-1-0-package /home/dexter/.npm/gulp-cloudflare/0.1.0/package
26 silly lockFile 3a52ce78- .
27 silly lockFile 3a52ce78- .
28 silly publish { name: 'gulp-cloudflare',
28 silly publish   version: '0.1.0',
28 silly publish   description: 'A plugin for Gulp',
28 silly publish   keywords: [ 'gulpplugin', 'gulpcloudflare' ],
28 silly publish   author:
28 silly publish    { name: 'Mitesh Sondhi',
28 silly publish      email: 'miteshsondhi@gmail.com',
28 silly publish      url: 'https://github.com/miteshsondhi' },
28 silly publish   repository:
28 silly publish    { type: 'git',
28 silly publish      url: 'https://github.com/miteshsondhi/gulp-cloudflare' },
28 silly publish   scripts: {},
28 silly publish   dependencies: { 'gulp-util': '~2.2.0', request: '^2.51.0' },
28 silly publish   devDependencies: {},
28 silly publish   engines: { node: '>=0.8.0', npm: '>=1.2.10' },
28 silly publish   license: 'MIT',
28 silly publish   readme: '# gulp-cloudflare\n> cloudflare plugin for [gulp](https://github.com/wearefractal/gulp)\n\n## Usage\n\nFirst, install `gulp-cloudflare` as a development dependency:\n\n```shell\nnpm install --save-dev gulp-cloudflare\n```\n\nThen, add it to your `gulpfile.js`:\n\n```javascript\nvar cloudflare = require("gulp-cloudflare");\n\ngulp.task(\'purge-cdn-cache\', function() {\n\tvar options = {\n\t\ttoken  : \'token\',\n\t\temail  : \'email\',\n\t\tdomain : \'domain\'\n\t};\n\n\tcloudflare(options);\n})\n```\n\n## API\n\n### cloudflare(options)\n\n#### options.token\nType: `String`  \nRequired: true\n#### options.email\nType: `String`  \nRequired: true\n#### options.domain\nType: `String`  \nRequired: true\n#### options.skip\nType: `Boolean`  \nRequired: false\n\n\n\nThis package will only purge the cache from cloudflare. If you want to purge the cache in production mode. Then use https://www.npmjs.com/package/yargs.\n\n```shell\ngulp --type production\n```\n\n```javascript\nvar cloudflare = require("gulp-cloudflare");\nvar argv = require(\'yargs\').argv;\n\ngulp.task(\'purge-cdn-cache\', function() {\n\tvar options = {\n\t\ttoken  : \'token\',\n\t\temail  : \'email\',\n\t\tdomain : \'domain\',\n\t\tskip   : argv.type !== \'production\'\n\t};\n\n\tcloudflare(options);\n})\n```\n\n\n## License\n\n[MIT License](http://en.wikipedia.org/wiki/MIT_License)\n\n[npm-url]: https://npmjs.org/package/gulp-cloudflare\n[npm-image]: https://badge.fury.io/js/gulp-cloudflare.png\n\n[travis-url]: http://travis-ci.org/miteshsondhi/gulp-cloudflare\n[travis-image]: https://secure.travis-ci.org/miteshsondhi/gulp-cloudflare.png?branch=master\n\n[coveralls-url]: https://coveralls.io/r/miteshsondhi/gulp-cloudflare\n[coveralls-image]: https://coveralls.io/repos/miteshsondhi/gulp-cloudflare/badge.png\n\n[depstat-url]: https://david-dm.org/miteshsondhi/gulp-cloudflare\n[depstat-image]: https://david-dm.org/miteshsondhi/gulp-cloudflare.png\n',
28 silly publish   readmeFilename: 'README.md',
28 silly publish   gitHead: 'a46720750a5d514f82d609c6d0fbb8ad7b72fbff',
28 silly publish   bugs: { url: 'https://github.com/miteshsondhi/gulp-cloudflare/issues' },
28 silly publish   homepage: 'https://github.com/miteshsondhi/gulp-cloudflare',
28 silly publish   _id: 'gulp-cloudflare@0.1.0',
28 silly publish   _shasum: '4a1e88b33808bb9c3c0b3c83b1101aae828b9ba9',
28 silly publish   _from: '.' }
29 verbose request where is /gulp-cloudflare
30 verbose request registry https://registry.npmjs.org/
31 verbose request id f9ac5eb85ba66f4e
32 verbose url raw /gulp-cloudflare
33 verbose url resolving [ 'https://registry.npmjs.org/', './gulp-cloudflare' ]
34 verbose url resolved https://registry.npmjs.org/gulp-cloudflare
35 verbose request where is https://registry.npmjs.org/gulp-cloudflare
36 info trying registry request attempt 1 at 16:54:04
37 http PUT https://registry.npmjs.org/gulp-cloudflare
38 http 403 https://registry.npmjs.org/gulp-cloudflare
39 verbose headers { date: 'Thu, 29 Jan 2015 11:24:05 GMT',
39 verbose headers   server: 'CouchDB/1.5.0 (Erlang OTP/R16B03)',
39 verbose headers   'content-type': 'application/json',
39 verbose headers   'cache-control': 'max-age=60',
39 verbose headers   'content-length': '4955',
39 verbose headers   'accept-ranges': 'bytes',
39 verbose headers   via: '1.1 varnish',
39 verbose headers   'x-served-by': 'cache-lax1435-LAX',
39 verbose headers   'x-cache': 'MISS',
39 verbose headers   'x-cache-hits': '0',
39 verbose headers   'x-timer': 'S1422530645.596324,VS0,VE214',
39 verbose headers   'keep-alive': 'timeout=10, max=50',
39 verbose headers   connection: 'Keep-Alive' }
40 error publish Failed PUT 403
41 error Error: forbidden cannot modify pre-existing version: 0.1.0
41 error old={"name":"gulp-cloudflare","version":"0.1.0","description":"A plugin for Gulp","keywords":["gulpplugin","gulpcloudflare"],"author":{"name":"Mitesh Sondhi","email":"miteshsondhi@gmail.com","url":"https://github.com/miteshsondhi"},"repository":{"type":"git","url":"https://github.com/miteshsondhi/gulp-cloudflare"},"scripts":{},"dependencies":{"gulp-util":"~2.2.0","request":"^2.51.0"},"devDependencies":{},"engines":{"node":">=0.8.0","npm":">=1.2.10"},"license":"MIT","gitHead":"ff9f09dedcbc07bc5b9382110f5bb8a18525e3b4","bugs":{"url":"https://github.com/miteshsondhi/gulp-cloudflare/issues"},"homepage":"https://github.com/miteshsondhi/gulp-cloudflare","_id":"gulp-cloudflare@0.1.0","_shasum":"5f0dd647116632270f4afee590d86359e591d77a","_from":".","_npmVersion":"1.4.23","_npmUser":{"name":"miteshsondhi","email":"miteshsondhi@gmail.com"},"maintainers":[{"name":"miteshsondhi","email":"miteshsondhi@gmail.com"}],"dist":{"shasum":"5f0dd647116632270f4afee590d86359e591d77a","tarball":"http://registry.npmjs.org/gulp-cloudflare/-/gulp-cloudflare-0.1.0.tgz"}}
41 error new={"name":"gulp-cloudflare","version":"0.1.0","description":"A plugin for Gulp","keywords":["gulpplugin","gulpcloudflare"],"author":{"name":"Mitesh Sondhi","email":"miteshsondhi@gmail.com","url":"https://github.com/miteshsondhi"},"repository":{"type":"git","url":"https://github.com/miteshsondhi/gulp-cloudflare"},"scripts":{},"dependencies":{"gulp-util":"~2.2.0","request":"^2.51.0"},"devDependencies":{},"engines":{"node":">=0.8.0","npm":">=1.2.10"},"license":"MIT","readme":"# gulp-cloudflare\u000a> cloudflare plugin for [gulp](https://github.com/wearefractal/gulp)\u000a\u000a## Usage\u000a\u000aFirst, install `gulp-cloudflare` as a development dependency:\u000a\u000a```shell\u000anpm install --save-dev gulp-cloudflare\u000a```\u000a\u000aThen, add it to your `gulpfile.js`:\u000a\u000a```javascript\u000avar cloudflare = require(\"gulp-cloudflare\");\u000a\u000agulp.task('purge-cdn-cache', function() {\u000a\u0009var options = {\u000a\u0009\u0009token  : 'token',\u000a\u0009\u0009email  : 'email',\u000a\u0009\u0009domain : 'domain'\u000a\u0009};\u000a\u000a\u0009cloudflare(options);\u000a})\u000a```\u000a\u000a## API\u000a\u000a### cloudflare(options)\u000a\u000a#### options.token\u000aType: `String`  \u000aRequired: true\u000a#### options.email\u000aType: `String`  \u000aRequired: true\u000a#### options.domain\u000aType: `String`  \u000aRequired: true\u000a#### options.skip\u000aType: `Boolean`  \u000aRequired: false\u000a\u000a\u000a\u000aThis package will only purge the cache from cloudflare. If you want to purge the cache in production mode. Then use https://www.npmjs.com/package/yargs.\u000a\u000a```shell\u000agulp --type production\u000a```\u000a\u000a```javascript\u000avar cloudflare = require(\"gulp-cloudflare\");\u000avar argv = require('yargs').argv;\u000a\u000agulp.task('purge-cdn-cache', function() {\u000a\u0009var options = {\u000a\u0009\u0009token  : 'token',\u000a\u0009\u0009email  : 'email',\u000a\u0009\u0009domain : 'domain',\u000a\u0009\u0009skip   : argv.type !== 'production'\u000a\u0009};\u000a\u000a\u0009cloudflare(options);\u000a})\u000a```\u000a\u000a\u000a## License\u000a\u000a[MIT License](http://en.wikipedia.org/wiki/MIT_License)\u000a\u000a[npm-url]: https://npmjs.org/package/gulp-cloudflare\u000a[npm-image]: https://badge.fury.io/js/gulp-cloudflare.png\u000a\u000a[travis-url]: http://travis-ci.org/miteshsondhi/gulp-cloudflare\u000a[travis-image]: https://secure.travis-ci.org/miteshsondhi/gulp-cloudflare.png?branch=master\u000a\u000a[coveralls-url]: https://coveralls.io/r/miteshsondhi/gulp-cloudflare\u000a[coveralls-image]: https://coveralls.io/repos/miteshsondhi/gulp-cloudflare/badge.png\u000a\u000a[depstat-url]: https://david-dm.org/miteshsondhi/gulp-cloudflare\u000a[depstat-image]: https://david-dm.org/miteshsondhi/gulp-cloudflare.png\u000a","readmeFilename":"README.md","gitHead":"a46720750a5d514f82d609c6d0fbb8ad7b72fbff","bugs":{"url":"https://github.com/miteshsondhi/gulp-cloudflare/issues"},"homepage":"https://github.com/miteshsondhi/gulp-cloudflare","_id":"gulp-cloudflare@0.1.0","_shasum":"4a1e88b33808bb9c3c0b3c83b1101aae828b9ba9","_from":".","_npmVersion":"1.4.23","_npmUser":{"name":"miteshsondhi","email":"miteshsondhi@gmail.com"},"maintainers":[{"name":"miteshsondhi","email":"miteshsondhi@gmail.com"}],"dist":{"shasum":"4a1e88b33808bb9c3c0b3c83b1101aae828b9ba9","tarball":"http://registry.npmjs.org/gulp-cloudflare/-/gulp-cloudflare-0.1.0.tgz"}}: gulp-cloudflare
41 error     at RegClient.<anonymous> (/home/dexter/.nvm/v0.10.31/lib/node_modules/npm/node_modules/npm-registry-client/lib/request.js:300:14)
41 error     at Request._callback (/home/dexter/.nvm/v0.10.31/lib/node_modules/npm/node_modules/npm-registry-client/lib/request.js:238:65)
41 error     at Request.self.callback (/home/dexter/.nvm/v0.10.31/lib/node_modules/npm/node_modules/request/request.js:123:22)
41 error     at Request.emit (events.js:98:17)
41 error     at Request.<anonymous> (/home/dexter/.nvm/v0.10.31/lib/node_modules/npm/node_modules/request/request.js:893:14)
41 error     at Request.emit (events.js:117:20)
41 error     at IncomingMessage.<anonymous> (/home/dexter/.nvm/v0.10.31/lib/node_modules/npm/node_modules/request/request.js:844:12)
41 error     at IncomingMessage.emit (events.js:117:20)
41 error     at _stream_readable.js:943:16
41 error     at process._tickCallback (node.js:419:13)
42 error If you need help, you may report this *entire* log,
42 error including the npm and node versions, at:
42 error     <http://github.com/npm/npm/issues>
43 error System Linux 3.13.0-24-generic
44 error command "/home/dexter/.nvm/v0.10.31/bin/node" "/home/dexter/.nvm/v0.10.31/bin/npm" "publish"
45 error cwd /home/dexter/Documents/Node/gulp-cloudflare
46 error node -v v0.10.31
47 error npm -v 1.4.23
48 verbose exit [ 1, true ]
